<?xml version="1.0" encoding="UTF-8"?>
<!-- Generated by org.testng.reporters.JUnitXMLReporter -->
<testsuite ignored="0" hostname="DESKTOP-VK6INC2" failures="1" tests="36" name="AllTestCasessTest" time="144.212" errors="0" timestamp="2024-06-13T10:16:48 IST">
  <testcase classname="test_cases.Coffee_Page_Test" name="@BeforeMethod coffeesetup" time="0.002">
    <failure type="java.lang.NullPointerException" message="Cannot invoke &amp;quot;String.equals(Object)&amp;quot; because &amp;quot;browser&amp;quot; is null">
      <![CDATA[java.lang.NullPointerException: Cannot invoke "String.equals(Object)" because "browser" is null
at base.Coffee_Base.coffee(Coffee_Base.java:19)
at test_cases.Coffee_Page_Test.coffeesetup(Coffee_Page_Test.java:20)
at java.base/java.util.ArrayList.forEach(ArrayList.java:1511)
... Removed 31 stack frames]]>
    </failure>
  </testcase> <!-- @BeforeMethod coffeesetup -->
  <testcase classname="test_cases.Coffee_Page_Test" name="@AfterMethod closebrowser" time="0.0">
    <skipped/>
  </testcase> <!-- @AfterMethod closebrowser -->
  <testcase classname="test_cases.Coffee_Page_Test" name="@BeforeMethod coffeesetup" time="0.0">
    <skipped/>
  </testcase> <!-- @BeforeMethod coffeesetup -->
  <testcase classname="test_cases.Coffee_Page_Test" name="@AfterMethod closebrowser" time="0.0">
    <skipped/>
  </testcase> <!-- @AfterMethod closebrowser -->
  <testcase classname="test_cases.Coffee_Page_Test" name="@BeforeMethod coffeesetup" time="0.0">
    <skipped/>
  </testcase> <!-- @BeforeMethod coffeesetup -->
  <testcase classname="test_cases.Coffee_Page_Test" name="@AfterMethod closebrowser" time="0.0">
    <skipped/>
  </testcase> <!-- @AfterMethod closebrowser -->
  <testcase classname="test_cases.Backtohome_test" name="clickonbackbtntest" time="0.11"/>
  <testcase classname="test_cases.Backtohome_test" name="verifycompletetitletest" time="0.032"/>
  <testcase classname="test_cases.Backtohome_test" name="verifyimagetest" time="0.041"/>
  <testcase classname="test_cases.Backtohome_test" name="verifytexttest" time="0.04"/>
  <testcase classname="test_cases.Backtohome_test" name="verifythankyoutitletest" time="0.041"/>
  <testcase classname="test_cases.Inventory_page_Test" name="add6productstest" time="1.379"/>
  <testcase classname="test_cases.Inventory_page_Test" name="remove2productstest" time="0.942"/>
  <testcase classname="test_cases.Inventory_page_Test" name="verifyTexttest" time="0.077"/>
  <testcase classname="test_cases.Inventory_page_Test" name="verifyTwitterLogoTest" time="0.121"/>
  <testcase classname="test_cases.Inventory_page_Test" name="verifyfacebooklogotest" time="0.065"/>
  <testcase classname="test_cases.Inventory_page_Test" name="verifylinkedinlogotest" time="0.105"/>
  <testcase classname="test_cases.Inventory_page_Test" name="verifypagelogoTest" time="0.056"/>
  <testcase classname="test_cases.Inventory_page_Test" name="verifyproductTitleTest" time="0.152"/>
  <testcase classname="test_cases.Login_Page_Test" name="loginToApplicationTest" time="0.588"/>
  <testcase classname="test_cases.Login_Page_Test" name="verifytitleofapplicationTest" time="0.655"/>
  <testcase classname="test_cases.Login_Page_Test" name="verifyurlofapplicationTest" time="0.123"/>
  <testcase classname="test_cases.Payment_Finish_Test" name="Clickonfinishbtntest" time="0.096">
    <failure type="java.lang.AssertionError" message="expected [https://www.saucedemo.com/checkout-complete.html] but found [Price Total]">
      <![CDATA[java.lang.AssertionError: expected [https://www.saucedemo.com/checkout-complete.html] but found [Price Total]
at test_cases.Payment_Finish_Test.Clickonfinishbtntest(Payment_Finish_Test.java:87)
at java.base/java.util.ArrayList.forEach(ArrayList.java:1511)
... Removed 33 stack frames]]>
    </failure>
  </testcase> <!-- Clickonfinishbtntest -->
  <testcase classname="test_cases.Payment_Finish_Test" name="Verifycancelbtntest" time="0.055"/>
  <testcase classname="test_cases.Payment_Finish_Test" name="Verifyoverviewtitletest" time="0.036"/>
  <testcase classname="test_cases.Payment_Finish_Test" name="Verifypaymentinfotest" time="0.037"/>
  <testcase classname="test_cases.Payment_Finish_Test" name="Verifypricetitaltest" time="0.041"/>
  <testcase classname="test_cases.Payment_Finish_Test" name="Verifyshippinginfotest" time="0.031"/>
  <testcase classname="test_cases.CheckoutPageTest" name="inputinformationtest" time="0.373"/>
  <testcase classname="test_cases.CheckoutPageTest" name="verifycancelbtntest" time="0.033"/>
  <testcase classname="test_cases.CheckoutPageTest" name="verifyinfotitletest" time="0.027"/>
  <testcase classname="test_cases.Cart_test" name="verifycartpageUrltest" time="0.044"/>
  <testcase classname="test_cases.Cart_test" name="verifycarttitletest" time="0.07"/>
  <testcase classname="test_cases.Cart_test" name="verifychechoutbtntest" time="0.15"/>
  <testcase classname="test_cases.Cart_test" name="verifycontinueshoppingbtntest" time="0.032"/>
  <testcase classname="test_cases.Cart_test" name="verifydiscriptionlabletest" time="0.068"/>
  <testcase classname="test_cases.Cart_test" name="verifypagetitletest" time="0.068"/>
  <testcase classname="test_cases.Cart_test" name="verifyquantitylabletest" time="0.058"/>
  <testcase classname="test_cases.Cart_test" name="verifythreelinebtntest" time="0.021"/>
  <testcase classname="test_cases.Coffee_Page_Test" name="TitleOfApplicationtest" time="0.0">
    <skipped/>
  </testcase> <!-- TitleOfApplicationtest -->
  <testcase classname="test_cases.Coffee_Page_Test" name="UrlOfApplicationtest" time="0.0">
    <skipped/>
  </testcase> <!-- UrlOfApplicationtest -->
  <testcase classname="test_cases.Coffee_Page_Test" name="login_toapplicationtest" time="0.0">
    <skipped/>
  </testcase> <!-- login_toapplicationtest -->
</testsuite> <!-- AllTestCasessTest -->
