<?xml version="1.0" encoding="UTF-8"?>
<!-- Generated by org.testng.reporters.JUnitXMLReporter -->
<testsuite ignored="45" hostname="DESKTOP-VK6INC2" failures="5" tests="5" name="groupTest" time="2.024" errors="0" timestamp="2024-06-15T15:42:07 IST">
  <testcase classname="test_cases.Inventory_page_Test" name="remove2productstest" time="1.54">
    <failure type="java.lang.NullPointerException" message="Cannot invoke &amp;quot;pages.Inventory_Page.remove2products()&amp;quot; because &amp;quot;this.invent&amp;quot; is null">
      <![CDATA[java.lang.NullPointerException: Cannot invoke "pages.Inventory_Page.remove2products()" because "this.invent" is null
at test_cases.Inventory_page_Test.remove2productstest(Inventory_page_Test.java:87)
at java.base/java.util.ArrayList.forEach(ArrayList.java:1511)
... Removed 27 stack frames]]>
    </failure>
  </testcase> <!-- remove2productstest -->
  <testcase classname="test_cases.Inventory_page_Test" name="verifyTexttest" time="0.076">
    <failure type="java.lang.NullPointerException" message="Cannot invoke &amp;quot;pages.Inventory_Page.VerifyText()&amp;quot; because &amp;quot;this.invent&amp;quot; is null">
      <![CDATA[java.lang.NullPointerException: Cannot invoke "pages.Inventory_Page.VerifyText()" because "this.invent" is null
at test_cases.Inventory_page_Test.verifyTexttest(Inventory_page_Test.java:71)
at java.base/java.util.ArrayList.forEach(ArrayList.java:1511)
... Removed 27 stack frames]]>
    </failure>
  </testcase> <!-- verifyTexttest -->
  <testcase classname="test_cases.Inventory_page_Test" name="verifyfacebooklogotest" time="0.003">
    <failure type="java.lang.NullPointerException" message="Cannot invoke &amp;quot;pages.Inventory_Page.Verifyfacebooklogo()&amp;quot; because &amp;quot;this.invent&amp;quot; is null">
      <![CDATA[java.lang.NullPointerException: Cannot invoke "pages.Inventory_Page.Verifyfacebooklogo()" because "this.invent" is null
at test_cases.Inventory_page_Test.verifyfacebooklogotest(Inventory_page_Test.java:56)
at java.base/java.util.ArrayList.forEach(ArrayList.java:1511)
... Removed 27 stack frames]]>
    </failure>
  </testcase> <!-- verifyfacebooklogotest -->
  <testcase classname="test_cases.Inventory_page_Test" name="verifyproductTitleTest" time="0.13">
    <failure type="java.lang.NullPointerException" message="Cannot invoke &amp;quot;pages.Inventory_Page.VerifyproductTitle()&amp;quot; because &amp;quot;this.invent&amp;quot; is null">
      <![CDATA[java.lang.NullPointerException: Cannot invoke "pages.Inventory_Page.VerifyproductTitle()" because "this.invent" is null
at test_cases.Inventory_page_Test.verifyproductTitleTest(Inventory_page_Test.java:35)
at java.base/java.util.ArrayList.forEach(ArrayList.java:1511)
... Removed 27 stack frames]]>
    </failure>
  </testcase> <!-- verifyproductTitleTest -->
  <testcase classname="test_cases.Login_Page_Test" name="verifytitleofapplicationTest" time="0.093">
    <failure type="java.lang.NullPointerException" message="Cannot invoke &amp;quot;pages.Login_Page.verifytitleofapplication()&amp;quot; because &amp;quot;this.login&amp;quot; is null">
      <![CDATA[java.lang.NullPointerException: Cannot invoke "pages.Login_Page.verifytitleofapplication()" because "this.login" is null
at test_cases.Login_Page_Test.verifytitleofapplicationTest(Login_Page_Test.java:38)
at java.base/java.util.ArrayList.forEach(ArrayList.java:1511)
... Removed 27 stack frames]]>
    </failure>
  </testcase> <!-- verifytitleofapplicationTest -->
  <testcase classname="test_cases.Payment_Finish_Test" name="Verifypricetitaltest" time="0.0">
    <ignored/>
  </testcase> <!-- Verifypricetitaltest -->
  <testcase classname="test_cases.Inventory_page_Test" name="verifypagelogoTest" time="0.0">
    <ignored/>
  </testcase> <!-- verifypagelogoTest -->
  <testcase classname="test_cases.Cart_test" name="verifyquantitylabletest" time="0.0">
    <ignored/>
  </testcase> <!-- verifyquantitylabletest -->
  <testcase classname="test_cases.Payment_Finish_Test" name="verifyfacebooklogotest" time="0.0">
    <ignored/>
  </testcase> <!-- verifyfacebooklogotest -->
  <testcase classname="test_cases.Cart_test" name="verifypagetitletest" time="0.0">
    <ignored/>
  </testcase> <!-- verifypagetitletest -->
  <testcase classname="test_cases.Cart_test" name="verifycarttitletest" time="0.0">
    <ignored/>
  </testcase> <!-- verifycarttitletest -->
  <testcase classname="test_cases.CheckoutPageTest" name="verifyinfotitletest" time="0.0">
    <ignored/>
  </testcase> <!-- verifyinfotitletest -->
  <testcase classname="test_cases.Cart_test" name="verifycontinueshoppingbtntest" time="0.0">
    <ignored/>
  </testcase> <!-- verifycontinueshoppingbtntest -->
  <testcase classname="test_cases.Backtohome_test" name="verifyTexttest" time="0.0">
    <ignored/>
  </testcase> <!-- verifyTexttest -->
  <testcase classname="test_cases.Cart_test" name="verifyTexttest" time="0.0">
    <ignored/>
  </testcase> <!-- verifyTexttest -->
  <testcase classname="test_cases.Payment_Finish_Test" name="Verifyshippinginfotest" time="0.0">
    <ignored/>
  </testcase> <!-- Verifyshippinginfotest -->
  <testcase classname="test_cases.CheckoutPageTest" name="verifylinkedinlogotest" time="0.0">
    <ignored/>
  </testcase> <!-- verifylinkedinlogotest -->
  <testcase classname="test_cases.Cart_test" name="verifychechoutbtntest" time="0.0">
    <ignored/>
  </testcase> <!-- verifychechoutbtntest -->
  <testcase classname="test_cases.Payment_Finish_Test" name="Verifyoverviewtitletest" time="0.0">
    <ignored/>
  </testcase> <!-- Verifyoverviewtitletest -->
  <testcase classname="test_cases.Cart_test" name="verifycartpageUrltest" time="0.0">
    <ignored/>
  </testcase> <!-- verifycartpageUrltest -->
  <testcase classname="test_cases.Cart_test" name="verifyTwitterLogoTest" time="0.0">
    <ignored/>
  </testcase> <!-- verifyTwitterLogoTest -->
  <testcase classname="test_cases.Inventory_page_Test" name="verifyTwitterLogoTest" time="0.0">
    <ignored/>
  </testcase> <!-- verifyTwitterLogoTest -->
  <testcase classname="test_cases.CheckoutPageTest" name="inputinformationtest" time="0.0">
    <ignored/>
  </testcase> <!-- inputinformationtest -->
  <testcase classname="test_cases.Inventory_page_Test" name="add6productstest" time="0.0">
    <ignored/>
  </testcase> <!-- add6productstest -->
  <testcase classname="test_cases.Cart_test" name="verifyfacebooklogotest" time="0.0">
    <ignored/>
  </testcase> <!-- verifyfacebooklogotest -->
  <testcase classname="test_cases.Login_Page_Test" name="verifyurlofapplicationTest" time="0.0">
    <ignored/>
  </testcase> <!-- verifyurlofapplicationTest -->
  <testcase classname="test_cases.Payment_Finish_Test" name="verifyTwitterLogoTest" time="0.0">
    <ignored/>
  </testcase> <!-- verifyTwitterLogoTest -->
  <testcase classname="test_cases.CheckoutPageTest" name="verifycancelbtntest" time="0.0">
    <ignored/>
  </testcase> <!-- verifycancelbtntest -->
  <testcase classname="test_cases.Verify_Multi_creds_Test" name="verifymulticredentialstest" time="0.0">
    <ignored/>
  </testcase> <!-- verifymulticredentialstest -->
  <testcase classname="test_cases.Backtohome_test" name="verifylinkedinlogotest" time="0.0">
    <ignored/>
  </testcase> <!-- verifylinkedinlogotest -->
  <testcase classname="test_cases.Backtohome_test" name="verifyimagetest" time="0.0">
    <ignored/>
  </testcase> <!-- verifyimagetest -->
  <testcase classname="test_cases.CheckoutPageTest" name="verifyTexttest" time="0.0">
    <ignored/>
  </testcase> <!-- verifyTexttest -->
  <testcase classname="test_cases.Cart_test" name="verifydiscriptionlabletest" time="0.0">
    <ignored/>
  </testcase> <!-- verifydiscriptionlabletest -->
  <testcase classname="test_cases.Payment_Finish_Test" name="Clickonfinishbtntest" time="0.0">
    <ignored/>
  </testcase> <!-- Clickonfinishbtntest -->
  <testcase classname="test_cases.Backtohome_test" name="verifycompletetitletest" time="0.0">
    <ignored/>
  </testcase> <!-- verifycompletetitletest -->
  <testcase classname="test_cases.Payment_Finish_Test" name="Verifycancelbtntest" time="0.0">
    <ignored/>
  </testcase> <!-- Verifycancelbtntest -->
  <testcase classname="test_cases.Backtohome_test" name="verifyTwitterLogoTest" time="0.0">
    <ignored/>
  </testcase> <!-- verifyTwitterLogoTest -->
  <testcase classname="test_cases.Payment_Finish_Test" name="verifylinkedinlogotest" time="0.0">
    <ignored/>
  </testcase> <!-- verifylinkedinlogotest -->
  <testcase classname="test_cases.CheckoutPageTest" name="verifyTwitterLogoTest" time="0.0">
    <ignored/>
  </testcase> <!-- verifyTwitterLogoTest -->
  <testcase classname="test_cases.Login_Page_Test" name="loginToApplicationTest" time="0.0">
    <ignored/>
  </testcase> <!-- loginToApplicationTest -->
  <testcase classname="test_cases.Backtohome_test" name="verifytexttest" time="0.0">
    <ignored/>
  </testcase> <!-- verifytexttest -->
  <testcase classname="test_cases.Inventory_page_Test" name="verifylinkedinlogotest" time="0.0">
    <ignored/>
  </testcase> <!-- verifylinkedinlogotest -->
  <testcase classname="test_cases.Payment_Finish_Test" name="verifyTexttest" time="0.0">
    <ignored/>
  </testcase> <!-- verifyTexttest -->
  <testcase classname="test_cases.Backtohome_test" name="verifyfacebooklogotest" time="0.0">
    <ignored/>
  </testcase> <!-- verifyfacebooklogotest -->
  <testcase classname="test_cases.Backtohome_test" name="clickonbackbtntest" time="0.0">
    <ignored/>
  </testcase> <!-- clickonbackbtntest -->
  <testcase classname="test_cases.CheckoutPageTest" name="verifyfacebooklogotest" time="0.0">
    <ignored/>
  </testcase> <!-- verifyfacebooklogotest -->
  <testcase classname="test_cases.Payment_Finish_Test" name="Verifypaymentinfotest" time="0.0">
    <ignored/>
  </testcase> <!-- Verifypaymentinfotest -->
  <testcase classname="test_cases.Cart_test" name="verifythreelinebtntest" time="0.0">
    <ignored/>
  </testcase> <!-- verifythreelinebtntest -->
  <testcase classname="test_cases.Backtohome_test" name="verifythankyoutitletest" time="0.0">
    <ignored/>
  </testcase> <!-- verifythankyoutitletest -->
  <testcase classname="test_cases.Cart_test" name="verifylinkedinlogotest" time="0.0">
    <ignored/>
  </testcase> <!-- verifylinkedinlogotest -->
</testsuite> <!-- groupTest -->
